<?xml version="1.0" encoding="UTF-8"?>
<!-- Generated by org.testng.reporters.JUnitXMLReporter -->
<testsuite ignored="0" hostname="DESKTOP-FM5QVT6" failures="0" tests="8" name="Default test" time="40.827" errors="0" timestamp="2024-10-28T21:35:25 GMT+03:00">
  <testcase classname="MyTestCases" name="CheckTheEnglishLanguageIsDefault" time="5.832"/>
  <testcase classname="MyTestCases" name="CheckTheDefaultCurrensyIsSAR" time="0.601"/>
  <testcase classname="MyTestCases" name="CheckPhoneNambur" time="0.157"/>
  <testcase classname="MyTestCases" name="CheckQitafLogo" time="0.199"/>
  <testcase classname="MyTestCases" name="CheckHotelTabIsNotSelect" time="0.139"/>
  <testcase classname="MyTestCases" name="CheckDepatureDate" time="0.122"/>
  <testcase classname="MyTestCases" name="CheckReturnDate" time="0.193"/>
  <testcase classname="MyTestCases" name="RandomlyChangeLanguage" time="13.381"/>
</testsuite> <!-- Default test -->
