<?xml version="1.0" encoding="UTF-8"?>
<!-- Generated by org.testng.reporters.JUnitXMLReporter -->
<testsuite ignored="0" hostname="DESKTOP-FM5QVT6" failures="0" tests="4" name="Default test" time="24.963" errors="0" timestamp="2024-10-24T00:07:42 GMT+03:00">
  <testcase classname="MyTestCases" name="CheckTheEnglishLanguageIsDefault" time="0.179"/>
  <testcase classname="MyTestCases" name="CheckTheDefaultCurrensyIsSAR" time="0.171"/>
  <testcase classname="MyTestCases" name="CheckPhoneNambur" time="2.436"/>
  <testcase classname="MyTestCases" name="CheckQitafLogo" time="0.453"/>
</testsuite> <!-- Default test -->
