<?xml version="1.0" encoding="UTF-8"?>
<testng-results ignored="0" total="5" passed="5" failed="0" skipped="0">
  <reporter-output>
  </reporter-output>
  <suite started-at="2024-10-27T22:57:07 GMT+03:00" name="Default suite" finished-at="2024-10-27T22:57:37 GMT+03:00" duration-ms="29905">
    <groups>
    </groups>
    <test started-at="2024-10-27T22:57:07 GMT+03:00" name="Default test" finished-at="2024-10-27T22:57:37 GMT+03:00" duration-ms="29905">
      <class name="MyTestCases">
        <test-method is-config="true" signature="MySetUp()[pri:0, instance:MyTestCases@4218500f]" started-at="2024-10-27T22:57:07 GMT+03:00" name="MySetUp" finished-at="2024-10-27T22:57:35 GMT+03:00" duration-ms="27905" status="PASS">
          <reporter-output>
          </reporter-output>
        </test-method> <!-- MySetUp -->
        <test-method signature="CheckTheEnglishLanguageIsDefault()[pri:1, instance:MyTestCases@4218500f]" started-at="2024-10-27T22:57:35 GMT+03:00" name="CheckTheEnglishLanguageIsDefault" finished-at="2024-10-27T22:57:35 GMT+03:00" duration-ms="257" status="PASS">
          <reporter-output>
          </reporter-output>
        </test-method> <!-- CheckTheEnglishLanguageIsDefault -->
        <test-method signature="CheckTheDefaultCurrensyIsSAR()[pri:2, instance:MyTestCases@4218500f]" started-at="2024-10-27T22:57:35 GMT+03:00" name="CheckTheDefaultCurrensyIsSAR" finished-at="2024-10-27T22:57:35 GMT+03:00" duration-ms="210" status="PASS">
          <reporter-output>
          </reporter-output>
        </test-method> <!-- CheckTheDefaultCurrensyIsSAR -->
        <test-method signature="CheckPhoneNambur()[pri:3, instance:MyTestCases@4218500f]" started-at="2024-10-27T22:57:35 GMT+03:00" name="CheckPhoneNambur" finished-at="2024-10-27T22:57:35 GMT+03:00" duration-ms="162" status="PASS">
          <reporter-output>
          </reporter-output>
        </test-method> <!-- CheckPhoneNambur -->
        <test-method signature="CheckQitafLogo()[pri:4, instance:MyTestCases@4218500f]" started-at="2024-10-27T22:57:35 GMT+03:00" name="CheckQitafLogo" finished-at="2024-10-27T22:57:36 GMT+03:00" duration-ms="1078" status="PASS">
          <reporter-output>
          </reporter-output>
        </test-method> <!-- CheckQitafLogo -->
        <test-method signature="vg()[pri:5, instance:MyTestCases@4218500f]" started-at="2024-10-27T22:57:36 GMT+03:00" name="vg" finished-at="2024-10-27T22:57:37 GMT+03:00" duration-ms="12" status="PASS">
          <reporter-output>
          </reporter-output>
        </test-method> <!-- vg -->
      </class> <!-- MyTestCases -->
    </test> <!-- Default test -->
  </suite> <!-- Default suite -->
</testng-results>
